<?xml version='1.0' encoding='UTF-8'?>
<testsuite hostname="MBP-de-Raphael.home" name="com.khanr1.cryocompose.ProductCategorySuite" tests="5" errors="0" failures="0" skipped="0" time="0.53" timestamp="2024-03-21T21:14:23">
          <properties>
      <property name="java.specification.version" value="20"/><property name="sun.jnu.encoding" value="UTF-8"/><property name="sun.arch.data.model" value="64"/><property name="java.vendor.url" value="https://github.com/Homebrew/homebrew-core/issues"/><property name="sun.boot.library.path" value="/opt/homebrew/Cellar/openjdk/20.0.1/libexec/openjdk.jdk/Contents/Home/lib"/><property name="sun.java.command" value="/opt/homebrew/Cellar/sbt/1.9.3/libexec/bin/sbt-launch.jar"/><property name="jdk.debug" value="release"/><property name="java.specification.vendor" value="Oracle Corporation"/><property name="java.version.date" value="2023-04-18"/><property name="java.home" value="/opt/homebrew/Cellar/openjdk/20.0.1/libexec/openjdk.jdk/Contents/Home"/><property name="file.separator" value="/"/><property name="java.vm.compressedOopsMode" value="Zero based"/><property name="line.separator" value="
"/><property name="java.vm.specification.vendor" value="Oracle Corporation"/><property name="java.specification.name" value="Java Platform API Specification"/><property name="sun.management.compiler" value="HotSpot 64-Bit Tiered Compilers"/><property name="java.runtime.version" value="20.0.1"/><property name="user.name" value="raphaelkhan"/><property name="log4j.ignoreTCL" value="true"/><property name="file.encoding" value="UTF-8"/><property name="java.vendor.version" value="Homebrew"/><property name="java.io.tmpdir" value="/var/folders/01/qxzph6td767dkzf7zr78qbcw0000gn/T/"/><property name="java.version" value="20.0.1"/><property name="java.vm.specification.name" value="Java Virtual Machine Specification"/><property name="native.encoding" value="UTF-8"/><property name="java.library.path" value="/Users/raphaelkhan/Library/Java/Extensions:/Library/Java/Extensions:/Network/Library/Java/Extensions:/System/Library/Java/Extensions:/usr/lib/java:."/><property name="stderr.encoding" value="UTF-8"/><property name="java.vendor" value="Homebrew"/><property name="scala.ext.dirs" value="/Users/raphaelkhan/.sbt/1.0/java9-rt-ext-homebrew_20_0_1"/><property name="sun.io.unicode.encoding" value="UnicodeBig"/><property name="socksNonProxyHosts" value="local|*.local|169.254/16|*.169.254/16"/><property name="java.class.path" value="/opt/homebrew/Cellar/sbt/1.9.3/libexec/bin/sbt-launch.jar"/><property name="java.vm.vendor" value="Homebrew"/><property name="jline.shutdownhook" value="false"/><property name="user.timezone" value="Europe/Helsinki"/><property name="java.vm.specification.version" value="20"/><property name="os.name" value="Mac OS X"/><property name="sun.java.launcher" value="SUN_STANDARD"/><property name="user.country" value="FI"/><property name="http.nonProxyHosts" value="local|*.local|169.254/16|*.169.254/16"/><property name="sun.cpu.endian" value="little"/><property name="user.home" value="/Users/raphaelkhan"/><property name="user.language" value="fr"/><property name="sbt.script" value="/opt/homebrew/Cellar/sbt/1.9.3/libexec/bin/sbt"/><property name="sbt.ipcsocket.tmpdir" value="/var/folders/01/qxzph6td767dkzf7zr78qbcw0000gn/T/.sbt96b2d740/ipcsocket"/><property name="swoval.tmpdir" value="/var/folders/01/qxzph6td767dkzf7zr78qbcw0000gn/T/.sbt96b2d740/swoval"/><property name="apple.awt.application.name" value="Boot"/><property name="jline.esc.timeout" value="0"/><property name="ftp.nonProxyHosts" value="local|*.local|169.254/16|*.169.254/16"/><property name="stdout.encoding" value="UTF-8"/><property name="path.separator" value=":"/><property name="os.version" value="14.3.1"/><property name="jna.nosys" value="true"/><property name="java.runtime.name" value="OpenJDK Runtime Environment"/><property name="java.vm.name" value="OpenJDK 64-Bit Server VM"/><property name="java.vendor.url.bug" value="https://github.com/Homebrew/homebrew-core/issues"/><property name="user.dir" value="/Users/raphaelkhan/Developer/cryo-compose"/><property name="os.arch" value="aarch64"/><property name="java.vm.info" value="mixed mode, sharing"/><property name="java.vm.version" value="20.0.1"/><property name="java.class.version" value="64.0"/>
    </properties>
          <testcase classname="com.khanr1.cryocompose.ProductCategorySuite" name="The ProductName construtor works properly" time="0.109">
                      
                    </testcase><testcase classname="com.khanr1.cryocompose.ProductCategorySuite" name="The ProductCode construtor works properly" time="0.106">
                      
                    </testcase><testcase classname="com.khanr1.cryocompose.ProductCategorySuite" name="The ProductDescription construtor works properly" time="0.105">
                      
                    </testcase><testcase classname="com.khanr1.cryocompose.ProductCategorySuite" name="The CategoryName construtor works properly" time="0.106">
                      
                    </testcase><testcase classname="com.khanr1.cryocompose.ProductCategorySuite" name="The CategoryDescription construtor works properly" time="0.104">
                      
                    </testcase>
          <system-out><![CDATA[]]></system-out>
          <system-err><![CDATA[]]></system-err>
        </testsuite>